[debug] [2022-09-05T06:03:19.077Z] ----------------------------------------------------------------------
[debug] [2022-09-05T06:03:19.079Z] Command:       C:\Program Files\nodejs\node.exe C:\Users\aa\AppData\Roaming\npm\node_modules\firebase-tools\lib\bin\firebase.js deploy --only functions
[debug] [2022-09-05T06:03:19.080Z] CLI Version:   11.8.0
[debug] [2022-09-05T06:03:19.080Z] Platform:      win32
[debug] [2022-09-05T06:03:19.080Z] Node Version:  v16.16.0
[debug] [2022-09-05T06:03:19.081Z] Time:          Mon Sep 05 2022 15:03:19 GMT+0900 (대한민국 표준시)
[debug] [2022-09-05T06:03:19.082Z] ----------------------------------------------------------------------
[debug] 
[debug] [2022-09-05T06:03:19.150Z] > command requires scopes: ["email","openid","https://www.googleapis.com/auth/cloudplatformprojects.readonly","https://www.googleapis.com/auth/firebase","https://www.googleapis.com/auth/cloud-platform"]
[debug] [2022-09-05T06:03:19.150Z] > authorizing via signed-in user (slcksseo@gmail.com)
[debug] [2022-09-05T06:03:19.150Z] [iam] checking project solaroid-45908 for permissions ["cloudfunctions.functions.create","cloudfunctions.functions.delete","cloudfunctions.functions.get","cloudfunctions.functions.list","cloudfunctions.functions.update","cloudfunctions.operations.get","firebase.projects.get"]
[debug] [2022-09-05T06:03:19.153Z] >>> [apiv2][query] POST https://cloudresourcemanager.googleapis.com/v1/projects/solaroid-45908:testIamPermissions [none]
[debug] [2022-09-05T06:03:19.153Z] >>> [apiv2][(partial)header] POST https://cloudresourcemanager.googleapis.com/v1/projects/solaroid-45908:testIamPermissions x-goog-quota-user=projects/solaroid-45908
[debug] [2022-09-05T06:03:19.153Z] >>> [apiv2][body] POST https://cloudresourcemanager.googleapis.com/v1/projects/solaroid-45908:testIamPermissions {"permissions":["cloudfunctions.functions.create","cloudfunctions.functions.delete","cloudfunctions.functions.get","cloudfunctions.functions.list","cloudfunctions.functions.update","cloudfunctions.operations.get","firebase.projects.get"]}
[debug] [2022-09-05T06:03:20.039Z] <<< [apiv2][status] POST https://cloudresourcemanager.googleapis.com/v1/projects/solaroid-45908:testIamPermissions 200
[debug] [2022-09-05T06:03:20.039Z] <<< [apiv2][body] POST https://cloudresourcemanager.googleapis.com/v1/projects/solaroid-45908:testIamPermissions {"permissions":["cloudfunctions.functions.create","cloudfunctions.functions.delete","cloudfunctions.functions.get","cloudfunctions.functions.list","cloudfunctions.functions.update","cloudfunctions.operations.get","firebase.projects.get"]}
[debug] [2022-09-05T06:03:20.039Z] >>> [apiv2][query] POST https://iam.googleapis.com/v1/projects/solaroid-45908/serviceAccounts/solaroid-45908@appspot.gserviceaccount.com:testIamPermissions [none]
[debug] [2022-09-05T06:03:20.039Z] >>> [apiv2][body] POST https://iam.googleapis.com/v1/projects/solaroid-45908/serviceAccounts/solaroid-45908@appspot.gserviceaccount.com:testIamPermissions {"permissions":["iam.serviceAccounts.actAs"]}
[debug] [2022-09-05T06:03:20.902Z] <<< [apiv2][status] POST https://iam.googleapis.com/v1/projects/solaroid-45908/serviceAccounts/solaroid-45908@appspot.gserviceaccount.com:testIamPermissions 200
[debug] [2022-09-05T06:03:20.903Z] <<< [apiv2][body] POST https://iam.googleapis.com/v1/projects/solaroid-45908/serviceAccounts/solaroid-45908@appspot.gserviceaccount.com:testIamPermissions {"permissions":["iam.serviceAccounts.actAs"]}
[info] 
[info] === Deploying to 'solaroid-45908'...
[info] 
[info] i  deploying functions 
[info] Running command: npm --prefix "$RESOURCE_DIR" run lint
[info] +  functions: Finished running predeploy script. 
[debug] [2022-09-05T06:03:23.099Z] >>> [apiv2][query] GET https://firebase.googleapis.com/v1beta1/projects/solaroid-45908 [none]
[debug] [2022-09-05T06:03:23.547Z] <<< [apiv2][status] GET https://firebase.googleapis.com/v1beta1/projects/solaroid-45908 200
[debug] [2022-09-05T06:03:23.548Z] <<< [apiv2][body] GET https://firebase.googleapis.com/v1beta1/projects/solaroid-45908 {"projectId":"solaroid-45908","projectNumber":"668980346028","displayName":"SOLAROID","name":"projects/solaroid-45908","resources":{"hostingSite":"solaroid-45908","realtimeDatabaseInstance":"solaroid-45908-default-rtdb","storageBucket":"solaroid-45908.appspot.com","locationId":"asia-northeast2"},"state":"ACTIVE","etag":"1_be3f5a78-511f-4ca7-80d7-34ec6e02ec3f"}
[info] i  functions: ensuring required API cloudfunctions.googleapis.com is enabled... 
[info] i  functions: ensuring required API cloudbuild.googleapis.com is enabled... 
[info] i  artifactregistry: ensuring required API artifactregistry.googleapis.com is enabled... 
[debug] [2022-09-05T06:03:23.552Z] >>> [apiv2][query] GET https://serviceusage.googleapis.com/v1/projects/solaroid-45908/services/cloudfunctions.googleapis.com [none]
[debug] [2022-09-05T06:03:23.554Z] >>> [apiv2][query] GET https://serviceusage.googleapis.com/v1/projects/solaroid-45908/services/runtimeconfig.googleapis.com [none]
[debug] [2022-09-05T06:03:23.555Z] >>> [apiv2][query] GET https://serviceusage.googleapis.com/v1/projects/solaroid-45908/services/cloudbuild.googleapis.com [none]
[debug] [2022-09-05T06:03:23.557Z] >>> [apiv2][query] GET https://serviceusage.googleapis.com/v1/projects/solaroid-45908/services/artifactregistry.googleapis.com [none]
[debug] [2022-09-05T06:03:24.710Z] <<< [apiv2][status] GET https://serviceusage.googleapis.com/v1/projects/solaroid-45908/services/artifactregistry.googleapis.com 200
[debug] [2022-09-05T06:03:24.710Z] <<< [apiv2][body] GET https://serviceusage.googleapis.com/v1/projects/solaroid-45908/services/artifactregistry.googleapis.com [omitted]
[info] +  artifactregistry: required API artifactregistry.googleapis.com is enabled 
[debug] [2022-09-05T06:03:24.715Z] <<< [apiv2][status] GET https://serviceusage.googleapis.com/v1/projects/solaroid-45908/services/cloudbuild.googleapis.com 200
[debug] [2022-09-05T06:03:24.715Z] <<< [apiv2][body] GET https://serviceusage.googleapis.com/v1/projects/solaroid-45908/services/cloudbuild.googleapis.com [omitted]
[info] +  functions: required API cloudbuild.googleapis.com is enabled 
[debug] [2022-09-05T06:03:24.735Z] <<< [apiv2][status] GET https://serviceusage.googleapis.com/v1/projects/solaroid-45908/services/cloudfunctions.googleapis.com 200
[debug] [2022-09-05T06:03:24.735Z] <<< [apiv2][body] GET https://serviceusage.googleapis.com/v1/projects/solaroid-45908/services/cloudfunctions.googleapis.com [omitted]
[info] +  functions: required API cloudfunctions.googleapis.com is enabled 
[debug] [2022-09-05T06:03:24.736Z] <<< [apiv2][status] GET https://serviceusage.googleapis.com/v1/projects/solaroid-45908/services/runtimeconfig.googleapis.com 200
[debug] [2022-09-05T06:03:24.736Z] <<< [apiv2][body] GET https://serviceusage.googleapis.com/v1/projects/solaroid-45908/services/runtimeconfig.googleapis.com [omitted]
[debug] [2022-09-05T06:03:24.737Z] >>> [apiv2][query] GET https://firebase.googleapis.com/v1beta1/projects/solaroid-45908/adminSdkConfig [none]
[debug] [2022-09-05T06:03:25.154Z] <<< [apiv2][status] GET https://firebase.googleapis.com/v1beta1/projects/solaroid-45908/adminSdkConfig 200
[debug] [2022-09-05T06:03:25.155Z] <<< [apiv2][body] GET https://firebase.googleapis.com/v1beta1/projects/solaroid-45908/adminSdkConfig {"projectId":"solaroid-45908","databaseURL":"https://solaroid-45908-default-rtdb.firebaseio.com","storageBucket":"solaroid-45908.appspot.com","locationId":"asia-northeast2"}
[debug] [2022-09-05T06:03:25.156Z] >>> [apiv2][query] GET https://runtimeconfig.googleapis.com/v1beta1/projects/solaroid-45908/configs [none]
[debug] [2022-09-05T06:03:26.398Z] <<< [apiv2][status] GET https://runtimeconfig.googleapis.com/v1beta1/projects/solaroid-45908/configs 200
[debug] [2022-09-05T06:03:26.398Z] <<< [apiv2][body] GET https://runtimeconfig.googleapis.com/v1beta1/projects/solaroid-45908/configs {}
[info] i  functions: preparing codebase default for deployment 
[debug] [2022-09-05T06:03:26.400Z] Validating nodejs source
[debug] [2022-09-05T06:03:29.915Z] > [functions] package.json contents: {
  "name": "functions",
  "description": "Cloud Functions for Firebase",
  "scripts": {
    "lint": "eslint",
    "serve": "firebase emulators:start --only functions",
    "shell": "firebase functions:shell",
    "start": "npm run shell",
    "deploy": "firebase deploy --only functions",
    "logs": "firebase functions:log"
  },
  "engines": {
    "node": "16"
  },
  "main": "index.js",
  "dependencies": {
    "async": "^3.2.4",
    "axios": "^0.27.2",
    "firebase-admin": "^10.3.0",
    "firebase-functions": "^3.23.0"
  },
  "devDependencies": {
    "eslint": "^8.9.0",
    "eslint-config-google": "^0.14.0",
    "firebase-functions-test": "^0.2.0"
  },
  "private": true
}
[debug] [2022-09-05T06:03:29.915Z] Building nodejs source
[debug] [2022-09-05T06:03:29.918Z] Could not find functions.yaml. Must use http discovery
[debug] [2022-09-05T06:03:30.237Z] Serving at port 9005

[debug] [2022-09-05T06:03:30.374Z] {"projectId":"solaroid-45908","databaseURL":"https://solaroid-45908-default-rtdb.firebaseio.com","storageBucket":"solaroid-45908.appspot.com","locationId":"asia-northeast2"}

[debug] [2022-09-05T06:03:30.375Z] {
  type: 'service_account',
  project_id: 'solaroid-45908',
  private_key_id: '5f4256a0d349d3f55834982561dbcfa9fdba563c',
  private_key: '-----BEGIN PRIVATE KEY-----\n' +
    'MIIEvQIBADANBgkqhkiG9w0BAQEFAASCBKcwggSjAgEAAoIBAQCOEhCUirVwi+Db\n' +
    'uL/JzNbRYXoavyIa8qjg2iP1ua0PwlVcjfndLGNnpkHa6GNSAKnCsjjEfNRv9pI9\n' +
    '2K8vEdjIKf3rWWoZyrGwY/wwc/4OAlvAo40kuKEbbLfxjPHApVTq2RLZ1NFoJ5oj\n' +
    'LkqKkUXlOiI/T2xCXsgA1QNdse/66NMT7+wp2+KzBMD3JP2p0XcN+8eNXYZo7Is5\n' +
    'pVlPCjlRTILMlXEl7TuKitoBIG6x2MOrHqrFzevoHParG6Xr3qteX6Da38EI/KHm\n' +
    'tkl+eRB3xiVgbFnnVVFxKV6HljGC1B7bhMbyFt+pRBPTpp2IHtTqQ5TYZPWGKC2A\n' +
    '07ksg4pbAgMBAAECggEAB9ke9LBg64cJSeSqe5cG5ZQmmaRQrv++rS/VErWfcM0X\n' +
    'HWtzunBsTAUsLXqZmfsSuwBQuydQ2PUxs5xCY9hENcfUEL86FD3/6N2XyIQagbhG\n' +
    '90em/A39oF/gyBrgHqNDeKG7NTCuIhHQpabgqUed09binhq2Fp3ZGz/+f/DcxUB9\n' +
    'mMrSGatUjQ+M+qWJZbOZh/ML/bVp6XFqLubgRUdDRxp8JCSUI3OdW377tvr6e65G\n' +
    'NPBe52Y87rhQPTtk2JnGLs7t1inAumjTjDl3DEmVIFtfRVDN/9cEtQU4OynIJU+C\n' +
    'oSuauvUJ059eoVLMe+Xz2kfsAa6656c4h0HC/FZJ+QKBgQDBJhS2a5EaUCAdDWCL\n' +
    '/Di+a4bnpJ+xZQ2J9ZiUJaGJ8Cp7K+C+ndLjXak8PjvW2XpAWI9+MM2Gz5dobecC\n' +
    'rSFmgn1XyImnOLDUKfRp2fHdzZW6qpXzKrQmdcFXuGF2AFeKVJsQlt+HxyEx8oTu\n' +
    'J7Y8oRxoO/gNiqyhN8ljwVUOLQKBgQC8TQE2mreduDAWPXQcyJvQ66xLFAkeqOOg\n' +
    'rL8Fr+NyzPwuhZ6XhIOZvaa42LGf1g2ITewTryej1/fUImiCz/X+vg8qVD7ABZjb\n' +
    '4Eb7HrJrr7Fl1Gc4YAT/a7+3BP49MD/p7BW5wgYYmMVQF/MxpiWH1y6CCQKVvbgE\n' +
    'ahDYds5XpwKBgBuMFdoqn0hUczARj1qHv4QRC+2PwiLn2bV6bKd8cnyc30Iv8N7e\n' +
    '3YwF+LQZ4Cj1XYU93EFQLo/ynZKMUi1EigX3yG6zsEZERJwN28kZB3Dt+FPmLnq+\n' +
    '9XCizM95AZV12QZmqLMGAZ143hgkkabxzQD6rXWEUA2GYLahoTxz/3CFAoGAMhL4\n' +
    'Q6EZOyQEBaYJ/q2KYiCKDN0jH7gh8FR/5+9COQEx/t0hs4FVzciVUYqukabGqnyu\n' +
    'Tv3BONzx1sPfrwnGjRvVxJfqp/3VDIOz3IvpPqHWNxIo8OD380SgEveM9JCkLnzN\n' +
    'ujxSiq/1qLr1vTpFuL4MbCAhQ9jT2riqCiZt8PkCgYEAhI8L0e4MekFhO9jmv+i2\n' +
    'zoiUoe7XPFAdFfQzeCxv/l+KTW7zKo7XkEGpJa5obFVyChRznjRe8rKVC+m+blAj\n' +
    'JeRLXkU6DT31HuFCNc0WChcTbRP8Pqi96cCH4MykVS05qXQr2WOX2yymuIoDJetu\n' +
    'WzG7NAAwPmiQ07aOZ9zJuIc=\n' +
    '-----END PRIVATE KEY-----\n',
  client_email: 'solaroid-45908@appspot.gserviceaccount.com',
  client_id: '103747397161752986587',
  auth_uri: 'https://accounts.google.com/o/oauth2/auth',
  token_uri: 'https://oauth2.googleapis.com/token',
  auth_provider_x509_cert_url: 'https://www.googleapis.com/oauth2/v1/certs',
  client_x509_cert_url: 'https://www.googleapis.com/robot/v1/metadata/x509/solaroid-45908%40appspot.gserviceaccount.com'
}

[debug] [2022-09-05T06:03:30.437Z] Got response from /__/functions.yaml {"endpoints":{"kakaoToken":{"platform":"gcfv1","labels":{},"region":["asia-northeast3"],"callableTrigger":{},"entryPoint":"kakaoToken"}},"specVersion":"v1alpha1","requiredAPIs":[]}
[debug] [2022-09-05T06:03:30.443Z] shutdown requested via /__/quitquitquit

[info] i  functions: preparing functions directory for uploading... 
[info] i  functions: packaged C:\Users\aa\Downloads\Solaroid\functions (81.47 KB) for uploading 
[debug] [2022-09-05T06:03:30.495Z] >>> [apiv2][query] GET https://cloudfunctions.googleapis.com/v1/projects/solaroid-45908/locations/-/functions [none]
[debug] [2022-09-05T06:03:31.261Z] <<< [apiv2][status] GET https://cloudfunctions.googleapis.com/v1/projects/solaroid-45908/locations/-/functions 200
[debug] [2022-09-05T06:03:31.262Z] <<< [apiv2][body] GET https://cloudfunctions.googleapis.com/v1/projects/solaroid-45908/locations/-/functions {"functions":[{"name":"projects/solaroid-45908/locations/asia-northeast3/functions/kakaoToken","httpsTrigger":{"url":"https://asia-northeast3-solaroid-45908.cloudfunctions.net/kakaoToken","securityLevel":"SECURE_ALWAYS"},"status":"ACTIVE","entryPoint":"kakaoToken","timeout":"60s","availableMemoryMb":256,"serviceAccountEmail":"solaroid-45908@appspot.gserviceaccount.com","updateTime":"2022-08-16T07:34:27.234Z","versionId":"1","labels":{"deployment-tool":"cli-firebase","deployment-callable":"true"},"sourceUploadUrl":"https://storage.googleapis.com/uploads-811930473873.asia-northeast3.cloudfunctions.appspot.com/3c7295a0-5b94-4d0c-91b2-5cad9f7178b6.zip","environmentVariables":{"FIREBASE_CONFIG":"{\"projectId\":\"solaroid-45908\",\"databaseURL\":\"https://solaroid-45908-default-rtdb.firebaseio.com\",\"storageBucket\":\"solaroid-45908.appspot.com\",\"locationId\":\"asia-northeast2\"}","GCLOUD_PROJECT":"solaroid-45908"},"runtime":"nodejs16","ingressSettings":"ALLOW_ALL","buildId":"8ee8494e-2b16-43e6-8cb3-53ee2bbbaf37","buildName":"projects/668980346028/locations/asia-northeast3/builds/8ee8494e-2b16-43e6-8cb3-53ee2bbbaf37","dockerRegistry":"CONTAINER_REGISTRY"}]}
[debug] [2022-09-05T06:03:31.263Z] >>> [apiv2][query] GET https://cloudfunctions.googleapis.com/v2alpha/projects/solaroid-45908/locations/-/functions [none]
[debug] [2022-09-05T06:03:32.699Z] <<< [apiv2][status] GET https://cloudfunctions.googleapis.com/v2alpha/projects/solaroid-45908/locations/-/functions 200
[debug] [2022-09-05T06:03:32.699Z] <<< [apiv2][body] GET https://cloudfunctions.googleapis.com/v2alpha/projects/solaroid-45908/locations/-/functions {}
[debug] [2022-09-05T06:03:32.714Z] >>> [apiv2][query] GET https://firebase.googleapis.com/v1beta1/projects/solaroid-45908 [none]
[debug] [2022-09-05T06:03:33.114Z] <<< [apiv2][status] GET https://firebase.googleapis.com/v1beta1/projects/solaroid-45908 200
[debug] [2022-09-05T06:03:33.114Z] <<< [apiv2][body] GET https://firebase.googleapis.com/v1beta1/projects/solaroid-45908 {"projectId":"solaroid-45908","projectNumber":"668980346028","displayName":"SOLAROID","name":"projects/solaroid-45908","resources":{"hostingSite":"solaroid-45908","realtimeDatabaseInstance":"solaroid-45908-default-rtdb","storageBucket":"solaroid-45908.appspot.com","locationId":"asia-northeast2"},"state":"ACTIVE","etag":"1_be3f5a78-511f-4ca7-80d7-34ec6e02ec3f"}
[debug] [2022-09-05T06:03:33.115Z] >>> [apiv2][query] POST https://cloudfunctions.googleapis.com/v1/projects/solaroid-45908/locations/asia-northeast3/functions:generateUploadUrl [none]
[debug] [2022-09-05T06:03:33.115Z] >>> [apiv2][body] POST https://cloudfunctions.googleapis.com/v1/projects/solaroid-45908/locations/asia-northeast3/functions:generateUploadUrl {}
[debug] [2022-09-05T06:03:35.203Z] <<< [apiv2][status] POST https://cloudfunctions.googleapis.com/v1/projects/solaroid-45908/locations/asia-northeast3/functions:generateUploadUrl 500
[debug] [2022-09-05T06:03:35.203Z] <<< [apiv2][body] POST https://cloudfunctions.googleapis.com/v1/projects/solaroid-45908/locations/asia-northeast3/functions:generateUploadUrl {"error":{"code":500,"message":"The service has encountered an internal error. Please try again later","status":"INTERNAL"}}
[info] 

There was an issue deploying your functions. Verify that your project has a Google App Engine instance setup at https://console.cloud.google.com/appengine and try again. If this issue persists, please contact support.
[warn] !  functions: Upload Error: HTTP Error: 500, The service has encountered an internal error. Please try again later 
[error] 
[error] Error: HTTP Error: 500, The service has encountered an internal error. Please try again later
[debug] [2022-09-05T06:03:35.385Z] Error Context: {
  "body": {
    "error": {
      "code": 500,
      "message": "The service has encountered an internal error. Please try again later",
      "status": "INTERNAL"
    }
  },
  "response": {
    "statusCode": 500
  }
}
[debug] [2022-09-05T06:13:12.413Z] ----------------------------------------------------------------------
[debug] [2022-09-05T06:13:12.415Z] Command:       C:\Program Files\nodejs\node.exe C:\Users\aa\AppData\Roaming\npm\node_modules\firebase-tools\lib\bin\firebase.js deploy --only functions
[debug] [2022-09-05T06:13:12.415Z] CLI Version:   11.8.0
[debug] [2022-09-05T06:13:12.415Z] Platform:      win32
[debug] [2022-09-05T06:13:12.415Z] Node Version:  v16.16.0
[debug] [2022-09-05T06:13:12.417Z] Time:          Mon Sep 05 2022 15:13:12 GMT+0900 (대한민국 표준시)
[debug] [2022-09-05T06:13:12.417Z] ----------------------------------------------------------------------
[debug] 
[debug] [2022-09-05T06:13:12.482Z] > command requires scopes: ["email","openid","https://www.googleapis.com/auth/cloudplatformprojects.readonly","https://www.googleapis.com/auth/firebase","https://www.googleapis.com/auth/cloud-platform"]
[debug] [2022-09-05T06:13:12.483Z] > authorizing via signed-in user (slcksseo@gmail.com)
[debug] [2022-09-05T06:13:12.483Z] [iam] checking project solaroid-45908 for permissions ["cloudfunctions.functions.create","cloudfunctions.functions.delete","cloudfunctions.functions.get","cloudfunctions.functions.list","cloudfunctions.functions.update","cloudfunctions.operations.get","firebase.projects.get"]
[debug] [2022-09-05T06:13:12.485Z] > refreshing access token with scopes: []
[debug] [2022-09-05T06:13:12.486Z] >>> [apiv2][query] POST https://www.googleapis.com/oauth2/v3/token [none]
[debug] [2022-09-05T06:13:12.486Z] >>> [apiv2][body] POST https://www.googleapis.com/oauth2/v3/token [omitted]
[debug] [2022-09-05T06:13:12.770Z] <<< [apiv2][status] POST https://www.googleapis.com/oauth2/v3/token 200
[debug] [2022-09-05T06:13:12.770Z] <<< [apiv2][body] POST https://www.googleapis.com/oauth2/v3/token [omitted]
[debug] [2022-09-05T06:13:12.791Z] >>> [apiv2][query] POST https://cloudresourcemanager.googleapis.com/v1/projects/solaroid-45908:testIamPermissions [none]
[debug] [2022-09-05T06:13:12.791Z] >>> [apiv2][(partial)header] POST https://cloudresourcemanager.googleapis.com/v1/projects/solaroid-45908:testIamPermissions x-goog-quota-user=projects/solaroid-45908
[debug] [2022-09-05T06:13:12.791Z] >>> [apiv2][body] POST https://cloudresourcemanager.googleapis.com/v1/projects/solaroid-45908:testIamPermissions {"permissions":["cloudfunctions.functions.create","cloudfunctions.functions.delete","cloudfunctions.functions.get","cloudfunctions.functions.list","cloudfunctions.functions.update","cloudfunctions.operations.get","firebase.projects.get"]}
[debug] [2022-09-05T06:13:13.580Z] <<< [apiv2][status] POST https://cloudresourcemanager.googleapis.com/v1/projects/solaroid-45908:testIamPermissions 200
[debug] [2022-09-05T06:13:13.580Z] <<< [apiv2][body] POST https://cloudresourcemanager.googleapis.com/v1/projects/solaroid-45908:testIamPermissions {"permissions":["cloudfunctions.functions.create","cloudfunctions.functions.delete","cloudfunctions.functions.get","cloudfunctions.functions.list","cloudfunctions.functions.update","cloudfunctions.operations.get","firebase.projects.get"]}
[debug] [2022-09-05T06:13:13.581Z] >>> [apiv2][query] POST https://iam.googleapis.com/v1/projects/solaroid-45908/serviceAccounts/solaroid-45908@appspot.gserviceaccount.com:testIamPermissions [none]
[debug] [2022-09-05T06:13:13.581Z] >>> [apiv2][body] POST https://iam.googleapis.com/v1/projects/solaroid-45908/serviceAccounts/solaroid-45908@appspot.gserviceaccount.com:testIamPermissions {"permissions":["iam.serviceAccounts.actAs"]}
[debug] [2022-09-05T06:13:14.387Z] <<< [apiv2][status] POST https://iam.googleapis.com/v1/projects/solaroid-45908/serviceAccounts/solaroid-45908@appspot.gserviceaccount.com:testIamPermissions 200
[debug] [2022-09-05T06:13:14.387Z] <<< [apiv2][body] POST https://iam.googleapis.com/v1/projects/solaroid-45908/serviceAccounts/solaroid-45908@appspot.gserviceaccount.com:testIamPermissions {"permissions":["iam.serviceAccounts.actAs"]}
[info] 
[info] === Deploying to 'solaroid-45908'...
[info] 
[info] i  deploying functions 
[info] Running command: npm --prefix "$RESOURCE_DIR" run lint
[info] +  functions: Finished running predeploy script. 
[debug] [2022-09-05T06:13:16.530Z] >>> [apiv2][query] GET https://firebase.googleapis.com/v1beta1/projects/solaroid-45908 [none]
[debug] [2022-09-05T06:13:16.971Z] <<< [apiv2][status] GET https://firebase.googleapis.com/v1beta1/projects/solaroid-45908 200
[debug] [2022-09-05T06:13:16.972Z] <<< [apiv2][body] GET https://firebase.googleapis.com/v1beta1/projects/solaroid-45908 {"projectId":"solaroid-45908","projectNumber":"668980346028","displayName":"SOLAROID","name":"projects/solaroid-45908","resources":{"hostingSite":"solaroid-45908","realtimeDatabaseInstance":"solaroid-45908-default-rtdb","storageBucket":"solaroid-45908.appspot.com","locationId":"asia-northeast2"},"state":"ACTIVE","etag":"1_be3f5a78-511f-4ca7-80d7-34ec6e02ec3f"}
[info] i  functions: ensuring required API cloudfunctions.googleapis.com is enabled... 
[info] i  functions: ensuring required API cloudbuild.googleapis.com is enabled... 
[info] i  artifactregistry: ensuring required API artifactregistry.googleapis.com is enabled... 
[debug] [2022-09-05T06:13:16.975Z] >>> [apiv2][query] GET https://serviceusage.googleapis.com/v1/projects/solaroid-45908/services/cloudfunctions.googleapis.com [none]
[debug] [2022-09-05T06:13:16.976Z] >>> [apiv2][query] GET https://serviceusage.googleapis.com/v1/projects/solaroid-45908/services/runtimeconfig.googleapis.com [none]
[debug] [2022-09-05T06:13:16.976Z] >>> [apiv2][query] GET https://serviceusage.googleapis.com/v1/projects/solaroid-45908/services/cloudbuild.googleapis.com [none]
[debug] [2022-09-05T06:13:16.977Z] >>> [apiv2][query] GET https://serviceusage.googleapis.com/v1/projects/solaroid-45908/services/artifactregistry.googleapis.com [none]
[debug] [2022-09-05T06:13:18.187Z] <<< [apiv2][status] GET https://serviceusage.googleapis.com/v1/projects/solaroid-45908/services/cloudfunctions.googleapis.com 200
[debug] [2022-09-05T06:13:18.187Z] <<< [apiv2][body] GET https://serviceusage.googleapis.com/v1/projects/solaroid-45908/services/cloudfunctions.googleapis.com [omitted]
[info] +  functions: required API cloudfunctions.googleapis.com is enabled 
[debug] [2022-09-05T06:13:18.188Z] <<< [apiv2][status] GET https://serviceusage.googleapis.com/v1/projects/solaroid-45908/services/cloudbuild.googleapis.com 200
[debug] [2022-09-05T06:13:18.188Z] <<< [apiv2][body] GET https://serviceusage.googleapis.com/v1/projects/solaroid-45908/services/cloudbuild.googleapis.com [omitted]
[info] +  functions: required API cloudbuild.googleapis.com is enabled 
[debug] [2022-09-05T06:13:18.190Z] <<< [apiv2][status] GET https://serviceusage.googleapis.com/v1/projects/solaroid-45908/services/runtimeconfig.googleapis.com 200
[debug] [2022-09-05T06:13:18.190Z] <<< [apiv2][body] GET https://serviceusage.googleapis.com/v1/projects/solaroid-45908/services/runtimeconfig.googleapis.com [omitted]
[debug] [2022-09-05T06:13:18.192Z] <<< [apiv2][status] GET https://serviceusage.googleapis.com/v1/projects/solaroid-45908/services/artifactregistry.googleapis.com 200
[debug] [2022-09-05T06:13:18.192Z] <<< [apiv2][body] GET https://serviceusage.googleapis.com/v1/projects/solaroid-45908/services/artifactregistry.googleapis.com [omitted]
[info] +  artifactregistry: required API artifactregistry.googleapis.com is enabled 
[debug] [2022-09-05T06:13:18.193Z] >>> [apiv2][query] GET https://firebase.googleapis.com/v1beta1/projects/solaroid-45908/adminSdkConfig [none]
[debug] [2022-09-05T06:13:18.586Z] <<< [apiv2][status] GET https://firebase.googleapis.com/v1beta1/projects/solaroid-45908/adminSdkConfig 200
[debug] [2022-09-05T06:13:18.587Z] <<< [apiv2][body] GET https://firebase.googleapis.com/v1beta1/projects/solaroid-45908/adminSdkConfig {"projectId":"solaroid-45908","databaseURL":"https://solaroid-45908-default-rtdb.firebaseio.com","storageBucket":"solaroid-45908.appspot.com","locationId":"asia-northeast2"}
[debug] [2022-09-05T06:13:18.588Z] >>> [apiv2][query] GET https://runtimeconfig.googleapis.com/v1beta1/projects/solaroid-45908/configs [none]
[debug] [2022-09-05T06:13:19.230Z] <<< [apiv2][status] GET https://runtimeconfig.googleapis.com/v1beta1/projects/solaroid-45908/configs 200
[debug] [2022-09-05T06:13:19.230Z] <<< [apiv2][body] GET https://runtimeconfig.googleapis.com/v1beta1/projects/solaroid-45908/configs {}
[info] i  functions: preparing codebase default for deployment 
[debug] [2022-09-05T06:13:19.236Z] Validating nodejs source
[debug] [2022-09-05T06:13:22.589Z] > [functions] package.json contents: {
  "name": "functions",
  "description": "Cloud Functions for Firebase",
  "scripts": {
    "lint": "eslint",
    "serve": "firebase emulators:start --only functions",
    "shell": "firebase functions:shell",
    "start": "npm run shell",
    "deploy": "firebase deploy --only functions",
    "logs": "firebase functions:log"
  },
  "engines": {
    "node": "16"
  },
  "main": "index.js",
  "dependencies": {
    "async": "^3.2.4",
    "axios": "^0.27.2",
    "firebase-admin": "^10.3.0",
    "firebase-functions": "^3.23.0"
  },
  "devDependencies": {
    "eslint": "^8.9.0",
    "eslint-config-google": "^0.14.0",
    "firebase-functions-test": "^0.2.0"
  },
  "private": true
}
[debug] [2022-09-05T06:13:22.589Z] Building nodejs source
[debug] [2022-09-05T06:13:22.590Z] Could not find functions.yaml. Must use http discovery
[debug] [2022-09-05T06:13:22.918Z] Serving at port 9005

[debug] [2022-09-05T06:13:23.063Z] {"projectId":"solaroid-45908","databaseURL":"https://solaroid-45908-default-rtdb.firebaseio.com","storageBucket":"solaroid-45908.appspot.com","locationId":"asia-northeast2"}

[debug] [2022-09-05T06:13:23.064Z] {
  type: 'service_account',
  project_id: 'solaroid-45908',
  private_key_id: '5f4256a0d349d3f55834982561dbcfa9fdba563c',
  private_key: '-----BEGIN PRIVATE KEY-----\n' +
    'MIIEvQIBADANBgkqhkiG9w0BAQEFAASCBKcwggSjAgEAAoIBAQCOEhCUirVwi+Db\n' +
    'uL/JzNbRYXoavyIa8qjg2iP1ua0PwlVcjfndLGNnpkHa6GNSAKnCsjjEfNRv9pI9\n' +
    '2K8vEdjIKf3rWWoZyrGwY/wwc/4OAlvAo40kuKEbbLfxjPHApVTq2RLZ1NFoJ5oj\n' +
    'LkqKkUXlOiI/T2xCXsgA1QNdse/66NMT7+wp2+KzBMD3JP2p0XcN+8eNXYZo7Is5\n' +
    'pVlPCjlRTILMlXEl7TuKitoBIG6x2MOrHqrFzevoHParG6Xr3qteX6Da38EI/KHm\n' +
    'tkl+eRB3xiVgbFnnVVFxKV6HljGC1B7bhMbyFt+pRBPTpp2IHtTqQ5TYZPWGKC2A\n' +
    '07ksg4pbAgMBAAECggEAB9ke9LBg64cJSeSqe5cG5ZQmmaRQrv++rS/VErWfcM0X\n' +
    'HWtzunBsTAUsLXqZmfsSuwBQuydQ2PUxs5xCY9hENcfUEL86FD3/6N2XyIQagbhG\n' +
    '90em/A39oF/gyBrgHqNDeKG7NTCuIhHQpabgqUed09binhq2Fp3ZGz/+f/DcxUB9\n' +
    'mMrSGatUjQ+M+qWJZbOZh/ML/bVp6XFqLubgRUdDRxp8JCSUI3OdW377tvr6e65G\n' +
    'NPBe52Y87rhQPTtk2JnGLs7t1inAumjTjDl3DEmVIFtfRVDN/9cEtQU4OynIJU+C\n' +
    'oSuauvUJ059eoVLMe+Xz2kfsAa6656c4h0HC/FZJ+QKBgQDBJhS2a5EaUCAdDWCL\n' +
    '/Di+a4bnpJ+xZQ2J9ZiUJaGJ8Cp7K+C+ndLjXak8PjvW2XpAWI9+MM2Gz5dobecC\n' +
    'rSFmgn1XyImnOLDUKfRp2fHdzZW6qpXzKrQmdcFXuGF2AFeKVJsQlt+HxyEx8oTu\n' +
    'J7Y8oRxoO/gNiqyhN8ljwVUOLQKBgQC8TQE2mreduDAWPXQcyJvQ66xLFAkeqOOg\n' +
    'rL8Fr+NyzPwuhZ6XhIOZvaa42LGf1g2ITewTryej1/fUImiCz/X+vg8qVD7ABZjb\n' +
    '4Eb7HrJrr7Fl1Gc4YAT/a7+3BP49MD/p7BW5wgYYmMVQF/MxpiWH1y6CCQKVvbgE\n' +
    'ahDYds5XpwKBgBuMFdoqn0hUczARj1qHv4QRC+2PwiLn2bV6bKd8cnyc30Iv8N7e\n' +
    '3YwF+LQZ4Cj1XYU93EFQLo/ynZKMUi1EigX3yG6zsEZERJwN28kZB3Dt+FPmLnq+\n' +
    '9XCizM95AZV12QZmqLMGAZ143hgkkabxzQD6rXWEUA2GYLahoTxz/3CFAoGAMhL4\n' +
    'Q6EZOyQEBaYJ/q2KYiCKDN0jH7gh8FR/5+9COQEx/t0hs4FVzciVUYqukabGqnyu\n' +
    'Tv3BONzx1sPfrwnGjRvVxJfqp/3VDIOz3IvpPqHWNxIo8OD380SgEveM9JCkLnzN\n' +
    'ujxSiq/1qLr1vTpFuL4MbCAhQ9jT2riqCiZt8PkCgYEAhI8L0e4MekFhO9jmv+i2\n' +
    'zoiUoe7XPFAdFfQzeCxv/l+KTW7zKo7XkEGpJa5obFVyChRznjRe8rKVC+m+blAj\n' +
    'JeRLXkU6DT31HuFCNc0WChcTbRP8Pqi96cCH4MykVS05qXQr2WOX2yymuIoDJetu\n' +
    'WzG7NAAwPmiQ07aOZ9zJuIc=\n' +
    '-----END PRIVATE KEY-----\n',
  client_email: 'solaroid-45908@appspot.gserviceaccount.com',
  client_id: '103747397161752986587',
  auth_uri: 'https://accounts.google.com/o/oauth2/auth',
  token_uri: 'https://oauth2.googleapis.com/token',
  auth_provider_x509_cert_url: 'https://www.googleapis.com/oauth2/v1/certs',
  client_x509_cert_url: 'https://www.googleapis.com/robot/v1/metadata/x509/solaroid-45908%40appspot.gserviceaccount.com'
}

[debug] [2022-09-05T06:13:23.123Z] Got response from /__/functions.yaml {"endpoints":{"kakaoToken":{"platform":"gcfv1","labels":{},"region":["asia-northeast3"],"callableTrigger":{},"entryPoint":"kakaoToken"}},"specVersion":"v1alpha1","requiredAPIs":[]}
[debug] [2022-09-05T06:13:23.129Z] shutdown requested via /__/quitquitquit

[info] i  functions: preparing functions directory for uploading... 
[info] i  functions: packaged C:\Users\aa\Downloads\Solaroid\functions (81.47 KB) for uploading 
[debug] [2022-09-05T06:13:23.181Z] >>> [apiv2][query] GET https://cloudfunctions.googleapis.com/v1/projects/solaroid-45908/locations/-/functions [none]
[debug] [2022-09-05T06:13:24.644Z] <<< [apiv2][status] GET https://cloudfunctions.googleapis.com/v1/projects/solaroid-45908/locations/-/functions 200
[debug] [2022-09-05T06:13:24.645Z] <<< [apiv2][body] GET https://cloudfunctions.googleapis.com/v1/projects/solaroid-45908/locations/-/functions {"functions":[{"name":"projects/solaroid-45908/locations/asia-northeast3/functions/kakaoToken","httpsTrigger":{"url":"https://asia-northeast3-solaroid-45908.cloudfunctions.net/kakaoToken","securityLevel":"SECURE_ALWAYS"},"status":"ACTIVE","entryPoint":"kakaoToken","timeout":"60s","availableMemoryMb":256,"serviceAccountEmail":"solaroid-45908@appspot.gserviceaccount.com","updateTime":"2022-08-16T07:34:27.234Z","versionId":"1","labels":{"deployment-tool":"cli-firebase","deployment-callable":"true"},"sourceUploadUrl":"https://storage.googleapis.com/uploads-811930473873.asia-northeast3.cloudfunctions.appspot.com/3c7295a0-5b94-4d0c-91b2-5cad9f7178b6.zip","environmentVariables":{"FIREBASE_CONFIG":"{\"projectId\":\"solaroid-45908\",\"databaseURL\":\"https://solaroid-45908-default-rtdb.firebaseio.com\",\"storageBucket\":\"solaroid-45908.appspot.com\",\"locationId\":\"asia-northeast2\"}","GCLOUD_PROJECT":"solaroid-45908"},"runtime":"nodejs16","ingressSettings":"ALLOW_ALL","buildId":"8ee8494e-2b16-43e6-8cb3-53ee2bbbaf37","buildName":"projects/668980346028/locations/asia-northeast3/builds/8ee8494e-2b16-43e6-8cb3-53ee2bbbaf37","dockerRegistry":"CONTAINER_REGISTRY"}]}
[debug] [2022-09-05T06:13:24.648Z] >>> [apiv2][query] GET https://cloudfunctions.googleapis.com/v2alpha/projects/solaroid-45908/locations/-/functions [none]
[debug] [2022-09-05T06:13:26.073Z] <<< [apiv2][status] GET https://cloudfunctions.googleapis.com/v2alpha/projects/solaroid-45908/locations/-/functions 200
[debug] [2022-09-05T06:13:26.074Z] <<< [apiv2][body] GET https://cloudfunctions.googleapis.com/v2alpha/projects/solaroid-45908/locations/-/functions {}
[debug] [2022-09-05T06:13:26.090Z] >>> [apiv2][query] GET https://firebase.googleapis.com/v1beta1/projects/solaroid-45908 [none]
[debug] [2022-09-05T06:13:26.529Z] <<< [apiv2][status] GET https://firebase.googleapis.com/v1beta1/projects/solaroid-45908 200
[debug] [2022-09-05T06:13:26.529Z] <<< [apiv2][body] GET https://firebase.googleapis.com/v1beta1/projects/solaroid-45908 {"projectId":"solaroid-45908","projectNumber":"668980346028","displayName":"SOLAROID","name":"projects/solaroid-45908","resources":{"hostingSite":"solaroid-45908","realtimeDatabaseInstance":"solaroid-45908-default-rtdb","storageBucket":"solaroid-45908.appspot.com","locationId":"asia-northeast2"},"state":"ACTIVE","etag":"1_be3f5a78-511f-4ca7-80d7-34ec6e02ec3f"}
[debug] [2022-09-05T06:13:26.530Z] >>> [apiv2][query] POST https://cloudfunctions.googleapis.com/v1/projects/solaroid-45908/locations/asia-northeast3/functions:generateUploadUrl [none]
[debug] [2022-09-05T06:13:26.530Z] >>> [apiv2][body] POST https://cloudfunctions.googleapis.com/v1/projects/solaroid-45908/locations/asia-northeast3/functions:generateUploadUrl {}
[debug] [2022-09-05T06:13:28.562Z] <<< [apiv2][status] POST https://cloudfunctions.googleapis.com/v1/projects/solaroid-45908/locations/asia-northeast3/functions:generateUploadUrl 500
[debug] [2022-09-05T06:13:28.562Z] <<< [apiv2][body] POST https://cloudfunctions.googleapis.com/v1/projects/solaroid-45908/locations/asia-northeast3/functions:generateUploadUrl {"error":{"code":500,"message":"The service has encountered an internal error. Please try again later","status":"INTERNAL"}}
[info] 

There was an issue deploying your functions. Verify that your project has a Google App Engine instance setup at https://console.cloud.google.com/appengine and try again. If this issue persists, please contact support.
[warn] !  functions: Upload Error: HTTP Error: 500, The service has encountered an internal error. Please try again later 
[error] 
[error] Error: HTTP Error: 500, The service has encountered an internal error. Please try again later
[debug] [2022-09-05T06:13:28.751Z] Error Context: {
  "body": {
    "error": {
      "code": 500,
      "message": "The service has encountered an internal error. Please try again later",
      "status": "INTERNAL"
    }
  },
  "response": {
    "statusCode": 500
  }
}
[debug] [2022-09-06T00:20:46.211Z] ----------------------------------------------------------------------
[debug] [2022-09-06T00:20:46.213Z] Command:       C:\Program Files\nodejs\node.exe C:\Users\aa\AppData\Roaming\npm\node_modules\firebase-tools\lib\bin\firebase.js deploy --only functions
[debug] [2022-09-06T00:20:46.214Z] CLI Version:   11.8.0
[debug] [2022-09-06T00:20:46.214Z] Platform:      win32
[debug] [2022-09-06T00:20:46.214Z] Node Version:  v16.16.0
[debug] [2022-09-06T00:20:46.223Z] Time:          Tue Sep 06 2022 09:20:46 GMT+0900 (대한민국 표준시)
[debug] [2022-09-06T00:20:46.223Z] ----------------------------------------------------------------------
[debug] 
[debug] [2022-09-06T00:20:46.285Z] > command requires scopes: ["email","openid","https://www.googleapis.com/auth/cloudplatformprojects.readonly","https://www.googleapis.com/auth/firebase","https://www.googleapis.com/auth/cloud-platform"]
[debug] [2022-09-06T00:20:46.285Z] > authorizing via signed-in user (slcksseo@gmail.com)
[debug] [2022-09-06T00:20:46.286Z] [iam] checking project solaroid-45908 for permissions ["cloudfunctions.functions.create","cloudfunctions.functions.delete","cloudfunctions.functions.get","cloudfunctions.functions.list","cloudfunctions.functions.update","cloudfunctions.operations.get","firebase.projects.get"]
[debug] [2022-09-06T00:20:46.288Z] > refreshing access token with scopes: []
[debug] [2022-09-06T00:20:46.290Z] >>> [apiv2][query] POST https://www.googleapis.com/oauth2/v3/token [none]
[debug] [2022-09-06T00:20:46.290Z] >>> [apiv2][body] POST https://www.googleapis.com/oauth2/v3/token [omitted]
[debug] [2022-09-06T00:20:46.612Z] <<< [apiv2][status] POST https://www.googleapis.com/oauth2/v3/token 200
[debug] [2022-09-06T00:20:46.612Z] <<< [apiv2][body] POST https://www.googleapis.com/oauth2/v3/token [omitted]
[debug] [2022-09-06T00:20:46.622Z] >>> [apiv2][query] POST https://cloudresourcemanager.googleapis.com/v1/projects/solaroid-45908:testIamPermissions [none]
[debug] [2022-09-06T00:20:46.622Z] >>> [apiv2][(partial)header] POST https://cloudresourcemanager.googleapis.com/v1/projects/solaroid-45908:testIamPermissions x-goog-quota-user=projects/solaroid-45908
[debug] [2022-09-06T00:20:46.622Z] >>> [apiv2][body] POST https://cloudresourcemanager.googleapis.com/v1/projects/solaroid-45908:testIamPermissions {"permissions":["cloudfunctions.functions.create","cloudfunctions.functions.delete","cloudfunctions.functions.get","cloudfunctions.functions.list","cloudfunctions.functions.update","cloudfunctions.operations.get","firebase.projects.get"]}
[debug] [2022-09-06T00:20:47.429Z] <<< [apiv2][status] POST https://cloudresourcemanager.googleapis.com/v1/projects/solaroid-45908:testIamPermissions 200
[debug] [2022-09-06T00:20:47.429Z] <<< [apiv2][body] POST https://cloudresourcemanager.googleapis.com/v1/projects/solaroid-45908:testIamPermissions {"permissions":["cloudfunctions.functions.create","cloudfunctions.functions.delete","cloudfunctions.functions.get","cloudfunctions.functions.list","cloudfunctions.functions.update","cloudfunctions.operations.get","firebase.projects.get"]}
[debug] [2022-09-06T00:20:47.430Z] >>> [apiv2][query] POST https://iam.googleapis.com/v1/projects/solaroid-45908/serviceAccounts/solaroid-45908@appspot.gserviceaccount.com:testIamPermissions [none]
[debug] [2022-09-06T00:20:47.430Z] >>> [apiv2][body] POST https://iam.googleapis.com/v1/projects/solaroid-45908/serviceAccounts/solaroid-45908@appspot.gserviceaccount.com:testIamPermissions {"permissions":["iam.serviceAccounts.actAs"]}
[debug] [2022-09-06T00:20:48.244Z] <<< [apiv2][status] POST https://iam.googleapis.com/v1/projects/solaroid-45908/serviceAccounts/solaroid-45908@appspot.gserviceaccount.com:testIamPermissions 200
[debug] [2022-09-06T00:20:48.244Z] <<< [apiv2][body] POST https://iam.googleapis.com/v1/projects/solaroid-45908/serviceAccounts/solaroid-45908@appspot.gserviceaccount.com:testIamPermissions {"permissions":["iam.serviceAccounts.actAs"]}
[info] 
[info] === Deploying to 'solaroid-45908'...
[info] 
[info] i  deploying functions 
[info] Running command: npm --prefix "$RESOURCE_DIR" run lint
[info] +  functions: Finished running predeploy script. 
[debug] [2022-09-06T00:20:50.262Z] >>> [apiv2][query] GET https://firebase.googleapis.com/v1beta1/projects/solaroid-45908 [none]
[debug] [2022-09-06T00:20:50.755Z] <<< [apiv2][status] GET https://firebase.googleapis.com/v1beta1/projects/solaroid-45908 200
[debug] [2022-09-06T00:20:50.755Z] <<< [apiv2][body] GET https://firebase.googleapis.com/v1beta1/projects/solaroid-45908 {"projectId":"solaroid-45908","projectNumber":"668980346028","displayName":"SOLAROID","name":"projects/solaroid-45908","resources":{"hostingSite":"solaroid-45908","realtimeDatabaseInstance":"solaroid-45908-default-rtdb","storageBucket":"solaroid-45908.appspot.com","locationId":"asia-northeast2"},"state":"ACTIVE","etag":"1_65fd9987-5b22-4301-aa42-c589a6eaffe4"}
[info] i  functions: ensuring required API cloudfunctions.googleapis.com is enabled... 
[info] i  functions: ensuring required API cloudbuild.googleapis.com is enabled... 
[info] i  artifactregistry: ensuring required API artifactregistry.googleapis.com is enabled... 
[debug] [2022-09-06T00:20:50.757Z] >>> [apiv2][query] GET https://serviceusage.googleapis.com/v1/projects/solaroid-45908/services/cloudfunctions.googleapis.com [none]
[debug] [2022-09-06T00:20:50.758Z] >>> [apiv2][query] GET https://serviceusage.googleapis.com/v1/projects/solaroid-45908/services/runtimeconfig.googleapis.com [none]
[debug] [2022-09-06T00:20:50.758Z] >>> [apiv2][query] GET https://serviceusage.googleapis.com/v1/projects/solaroid-45908/services/cloudbuild.googleapis.com [none]
[debug] [2022-09-06T00:20:50.759Z] >>> [apiv2][query] GET https://serviceusage.googleapis.com/v1/projects/solaroid-45908/services/artifactregistry.googleapis.com [none]
[debug] [2022-09-06T00:20:51.931Z] <<< [apiv2][status] GET https://serviceusage.googleapis.com/v1/projects/solaroid-45908/services/artifactregistry.googleapis.com 200
[debug] [2022-09-06T00:20:51.931Z] <<< [apiv2][body] GET https://serviceusage.googleapis.com/v1/projects/solaroid-45908/services/artifactregistry.googleapis.com [omitted]
[info] +  artifactregistry: required API artifactregistry.googleapis.com is enabled 
[debug] [2022-09-06T00:20:51.940Z] <<< [apiv2][status] GET https://serviceusage.googleapis.com/v1/projects/solaroid-45908/services/cloudfunctions.googleapis.com 200
[debug] [2022-09-06T00:20:51.941Z] <<< [apiv2][body] GET https://serviceusage.googleapis.com/v1/projects/solaroid-45908/services/cloudfunctions.googleapis.com [omitted]
[info] +  functions: required API cloudfunctions.googleapis.com is enabled 
[debug] [2022-09-06T00:20:51.945Z] <<< [apiv2][status] GET https://serviceusage.googleapis.com/v1/projects/solaroid-45908/services/cloudbuild.googleapis.com 200
[debug] [2022-09-06T00:20:51.945Z] <<< [apiv2][body] GET https://serviceusage.googleapis.com/v1/projects/solaroid-45908/services/cloudbuild.googleapis.com [omitted]
[info] +  functions: required API cloudbuild.googleapis.com is enabled 
[debug] [2022-09-06T00:20:51.946Z] <<< [apiv2][status] GET https://serviceusage.googleapis.com/v1/projects/solaroid-45908/services/runtimeconfig.googleapis.com 200
[debug] [2022-09-06T00:20:51.946Z] <<< [apiv2][body] GET https://serviceusage.googleapis.com/v1/projects/solaroid-45908/services/runtimeconfig.googleapis.com [omitted]
[debug] [2022-09-06T00:20:51.947Z] >>> [apiv2][query] GET https://firebase.googleapis.com/v1beta1/projects/solaroid-45908/adminSdkConfig [none]
[debug] [2022-09-06T00:20:52.447Z] <<< [apiv2][status] GET https://firebase.googleapis.com/v1beta1/projects/solaroid-45908/adminSdkConfig 200
[debug] [2022-09-06T00:20:52.448Z] <<< [apiv2][body] GET https://firebase.googleapis.com/v1beta1/projects/solaroid-45908/adminSdkConfig {"projectId":"solaroid-45908","databaseURL":"https://solaroid-45908-default-rtdb.firebaseio.com","storageBucket":"solaroid-45908.appspot.com","locationId":"asia-northeast2"}
[debug] [2022-09-06T00:20:52.449Z] >>> [apiv2][query] GET https://runtimeconfig.googleapis.com/v1beta1/projects/solaroid-45908/configs [none]
[debug] [2022-09-06T00:20:53.781Z] <<< [apiv2][status] GET https://runtimeconfig.googleapis.com/v1beta1/projects/solaroid-45908/configs 200
[debug] [2022-09-06T00:20:53.782Z] <<< [apiv2][body] GET https://runtimeconfig.googleapis.com/v1beta1/projects/solaroid-45908/configs {}
[info] i  functions: preparing codebase default for deployment 
[debug] [2022-09-06T00:20:53.789Z] Validating nodejs source
[debug] [2022-09-06T00:20:56.936Z] > [functions] package.json contents: {
  "name": "functions",
  "description": "Cloud Functions for Firebase",
  "scripts": {
    "lint": "eslint",
    "serve": "firebase emulators:start --only functions",
    "shell": "firebase functions:shell",
    "start": "npm run shell",
    "deploy": "firebase deploy --only functions",
    "logs": "firebase functions:log"
  },
  "engines": {
    "node": "16"
  },
  "main": "index.js",
  "dependencies": {
    "async": "^3.2.4",
    "axios": "^0.27.2",
    "firebase-admin": "^10.3.0",
    "firebase-functions": "^3.23.0"
  },
  "devDependencies": {
    "eslint": "^8.9.0",
    "eslint-config-google": "^0.14.0",
    "firebase-functions-test": "^0.2.0"
  },
  "private": true
}
[debug] [2022-09-06T00:20:56.936Z] Building nodejs source
[debug] [2022-09-06T00:20:56.937Z] Could not find functions.yaml. Must use http discovery
[debug] [2022-09-06T00:20:57.301Z] Serving at port 9005

[debug] [2022-09-06T00:20:57.451Z] {"projectId":"solaroid-45908","databaseURL":"https://solaroid-45908-default-rtdb.firebaseio.com","storageBucket":"solaroid-45908.appspot.com","locationId":"asia-northeast2"}

[debug] [2022-09-06T00:20:57.452Z] {
  type: 'service_account',
  project_id: 'solaroid-45908',
  private_key_id: '5f4256a0d349d3f55834982561dbcfa9fdba563c',
  private_key: '-----BEGIN PRIVATE KEY-----\n' +
    'MIIEvQIBADANBgkqhkiG9w0BAQEFAASCBKcwggSjAgEAAoIBAQCOEhCUirVwi+Db\n' +
    'uL/JzNbRYXoavyIa8qjg2iP1ua0PwlVcjfndLGNnpkHa6GNSAKnCsjjEfNRv9pI9\n' +
    '2K8vEdjIKf3rWWoZyrGwY/wwc/4OAlvAo40kuKEbbLfxjPHApVTq2RLZ1NFoJ5oj\n' +
    'LkqKkUXlOiI/T2xCXsgA1QNdse/66NMT7+wp2+KzBMD3JP2p0XcN+8eNXYZo7Is5\n' +
    'pVlPCjlRTILMlXEl7TuKitoBIG6x2MOrHqrFzevoHParG6Xr3qteX6Da38EI/KHm\n' +
    'tkl+eRB3xiVgbFnnVVFxKV6HljGC1B7bhMbyFt+pRBPTpp2IHtTqQ5TYZPWGKC2A\n' +
    '07ksg4pbAgMBAAECggEAB9ke9LBg64cJSeSqe5cG5ZQmmaRQrv++rS/VErWfcM0X\n' +
    'HWtzunBsTAUsLXqZmfsSuwBQuydQ2PUxs5xCY9hENcfUEL86FD3/6N2XyIQagbhG\n' +
    '90em/A39oF/gyBrgHqNDeKG7NTCuIhHQpabgqUed09binhq2Fp3ZGz/+f/DcxUB9\n' +
    'mMrSGatUjQ+M+qWJZbOZh/ML/bVp6XFqLubgRUdDRxp8JCSUI3OdW377tvr6e65G\n' +
    'NPBe52Y87rhQPTtk2JnGLs7t1inAumjTjDl3DEmVIFtfRVDN/9cEtQU4OynIJU+C\n' +
    'oSuauvUJ059eoVLMe+Xz2kfsAa6656c4h0HC/FZJ+QKBgQDBJhS2a5EaUCAdDWCL\n' +
    '/Di+a4bnpJ+xZQ2J9ZiUJaGJ8Cp7K+C+ndLjXak8PjvW2XpAWI9+MM2Gz5dobecC\n' +
    'rSFmgn1XyImnOLDUKfRp2fHdzZW6qpXzKrQmdcFXuGF2AFeKVJsQlt+HxyEx8oTu\n' +
    'J7Y8oRxoO/gNiqyhN8ljwVUOLQKBgQC8TQE2mreduDAWPXQcyJvQ66xLFAkeqOOg\n' +
    'rL8Fr+NyzPwuhZ6XhIOZvaa42LGf1g2ITewTryej1/fUImiCz/X+vg8qVD7ABZjb\n' +
    '4Eb7HrJrr7Fl1Gc4YAT/a7+3BP49MD/p7BW5wgYYmMVQF/MxpiWH1y6CCQKVvbgE\n' +
    'ahDYds5XpwKBgBuMFdoqn0hUczARj1qHv4QRC+2PwiLn2bV6bKd8cnyc30Iv8N7e\n' +
    '3YwF+LQZ4Cj1XYU93EFQLo/ynZKMUi1EigX3yG6zsEZERJwN28kZB3Dt+FPmLnq+\n' +
    '9XCizM95AZV12QZmqLMGAZ143hgkkabxzQD6rXWEUA2GYLahoTxz/3CFAoGAMhL4\n' +
    'Q6EZOyQEBaYJ/q2KYiCKDN0jH7gh8FR/5+9COQEx/t0hs4FVzciVUYqukabGqnyu\n' +
    'Tv3BONzx1sPfrwnGjRvVxJfqp/3VDIOz3IvpPqHWNxIo8OD380SgEveM9JCkLnzN\n' +
    'ujxSiq/1qLr1vTpFuL4MbCAhQ9jT2riqCiZt8PkCgYEAhI8L0e4MekFhO9jmv+i2\n' +
    'zoiUoe7XPFAdFfQzeCxv/l+KTW7zKo7XkEGpJa5obFVyChRznjRe8rKVC+m+blAj\n' +
    'JeRLXkU6DT31HuFCNc0WChcTbRP8Pqi96cCH4MykVS05qXQr2WOX2yymuIoDJetu\n' +
    'WzG7NAAwPmiQ07aOZ9zJuIc=\n' +
    '-----END PRIVATE KEY-----\n',
  client_email: 'solaroid-45908@appspot.gserviceaccount.com',
  client_id: '103747397161752986587',
  auth_uri: 'https://accounts.google.com/o/oauth2/auth',
  token_uri: 'https://oauth2.googleapis.com/token',
  auth_provider_x509_cert_url: 'https://www.googleapis.com/oauth2/v1/certs',
  client_x509_cert_url: 'https://www.googleapis.com/robot/v1/metadata/x509/solaroid-45908%40appspot.gserviceaccount.com'
}

[debug] [2022-09-06T00:20:57.518Z] Got response from /__/functions.yaml {"endpoints":{"kakaoToken":{"platform":"gcfv1","labels":{},"region":["asia-northeast3"],"callableTrigger":{},"entryPoint":"kakaoToken"}},"specVersion":"v1alpha1","requiredAPIs":[]}
[debug] [2022-09-06T00:20:57.524Z] shutdown requested via /__/quitquitquit

[info] i  functions: preparing functions directory for uploading... 
[info] i  functions: packaged C:\Users\aa\Downloads\Solaroid\functions (81.47 KB) for uploading 
[debug] [2022-09-06T00:20:57.575Z] >>> [apiv2][query] GET https://cloudfunctions.googleapis.com/v1/projects/solaroid-45908/locations/-/functions [none]
[debug] [2022-09-06T00:20:59.095Z] <<< [apiv2][status] GET https://cloudfunctions.googleapis.com/v1/projects/solaroid-45908/locations/-/functions 200
[debug] [2022-09-06T00:20:59.095Z] <<< [apiv2][body] GET https://cloudfunctions.googleapis.com/v1/projects/solaroid-45908/locations/-/functions {"functions":[{"name":"projects/solaroid-45908/locations/asia-northeast3/functions/kakaoToken","httpsTrigger":{"url":"https://asia-northeast3-solaroid-45908.cloudfunctions.net/kakaoToken","securityLevel":"SECURE_ALWAYS"},"status":"ACTIVE","entryPoint":"kakaoToken","timeout":"60s","availableMemoryMb":256,"serviceAccountEmail":"solaroid-45908@appspot.gserviceaccount.com","updateTime":"2022-08-16T07:34:27.234Z","versionId":"1","labels":{"deployment-tool":"cli-firebase","deployment-callable":"true"},"sourceUploadUrl":"https://storage.googleapis.com/uploads-811930473873.asia-northeast3.cloudfunctions.appspot.com/3c7295a0-5b94-4d0c-91b2-5cad9f7178b6.zip","environmentVariables":{"FIREBASE_CONFIG":"{\"projectId\":\"solaroid-45908\",\"databaseURL\":\"https://solaroid-45908-default-rtdb.firebaseio.com\",\"storageBucket\":\"solaroid-45908.appspot.com\",\"locationId\":\"asia-northeast2\"}","GCLOUD_PROJECT":"solaroid-45908"},"runtime":"nodejs16","ingressSettings":"ALLOW_ALL","buildId":"8ee8494e-2b16-43e6-8cb3-53ee2bbbaf37","buildName":"projects/668980346028/locations/asia-northeast3/builds/8ee8494e-2b16-43e6-8cb3-53ee2bbbaf37","dockerRegistry":"CONTAINER_REGISTRY"}]}
[debug] [2022-09-06T00:20:59.096Z] >>> [apiv2][query] GET https://cloudfunctions.googleapis.com/v2alpha/projects/solaroid-45908/locations/-/functions [none]
[debug] [2022-09-06T00:21:00.542Z] <<< [apiv2][status] GET https://cloudfunctions.googleapis.com/v2alpha/projects/solaroid-45908/locations/-/functions 200
[debug] [2022-09-06T00:21:00.542Z] <<< [apiv2][body] GET https://cloudfunctions.googleapis.com/v2alpha/projects/solaroid-45908/locations/-/functions {}
[debug] [2022-09-06T00:21:00.549Z] >>> [apiv2][query] GET https://firebase.googleapis.com/v1beta1/projects/solaroid-45908 [none]
[debug] [2022-09-06T00:21:00.946Z] <<< [apiv2][status] GET https://firebase.googleapis.com/v1beta1/projects/solaroid-45908 200
[debug] [2022-09-06T00:21:00.947Z] <<< [apiv2][body] GET https://firebase.googleapis.com/v1beta1/projects/solaroid-45908 {"projectId":"solaroid-45908","projectNumber":"668980346028","displayName":"SOLAROID","name":"projects/solaroid-45908","resources":{"hostingSite":"solaroid-45908","realtimeDatabaseInstance":"solaroid-45908-default-rtdb","storageBucket":"solaroid-45908.appspot.com","locationId":"asia-northeast2"},"state":"ACTIVE","etag":"1_65fd9987-5b22-4301-aa42-c589a6eaffe4"}
[debug] [2022-09-06T00:21:00.949Z] >>> [apiv2][query] POST https://cloudfunctions.googleapis.com/v1/projects/solaroid-45908/locations/asia-northeast3/functions:generateUploadUrl [none]
[debug] [2022-09-06T00:21:00.949Z] >>> [apiv2][body] POST https://cloudfunctions.googleapis.com/v1/projects/solaroid-45908/locations/asia-northeast3/functions:generateUploadUrl {}
[debug] [2022-09-06T00:21:02.976Z] <<< [apiv2][status] POST https://cloudfunctions.googleapis.com/v1/projects/solaroid-45908/locations/asia-northeast3/functions:generateUploadUrl 500
[debug] [2022-09-06T00:21:02.977Z] <<< [apiv2][body] POST https://cloudfunctions.googleapis.com/v1/projects/solaroid-45908/locations/asia-northeast3/functions:generateUploadUrl {"error":{"code":500,"message":"The service has encountered an internal error. Please try again later","status":"INTERNAL"}}
[info] 

There was an issue deploying your functions. Verify that your project has a Google App Engine instance setup at https://console.cloud.google.com/appengine and try again. If this issue persists, please contact support.
[warn] !  functions: Upload Error: HTTP Error: 500, The service has encountered an internal error. Please try again later 
[error] 
[error] Error: HTTP Error: 500, The service has encountered an internal error. Please try again later
[debug] [2022-09-06T00:21:03.164Z] Error Context: {
  "body": {
    "error": {
      "code": 500,
      "message": "The service has encountered an internal error. Please try again later",
      "status": "INTERNAL"
    }
  },
  "response": {
    "statusCode": 500
  }
}
