[debug] [2022-05-19T02:15:45.404Z] ----------------------------------------------------------------------
[debug] [2022-05-19T02:15:45.406Z] Command:       C:\Users\aa\DOWNLO~1\firebase-tools-instant-win.exe C:\Users\aa\.cache\firebase\tools\lib\node_modules\firebase-tools\lib\bin\firebase emulators:start
[debug] [2022-05-19T02:15:45.406Z] CLI Version:   10.5.0
[debug] [2022-05-19T02:15:45.406Z] Platform:      win32
[debug] [2022-05-19T02:15:45.406Z] Node Version:  v12.18.1
[debug] [2022-05-19T02:15:45.408Z] Time:          Thu May 19 2022 11:15:45 GMT+0900 (GMT+09:00)
[debug] [2022-05-19T02:15:45.408Z] ----------------------------------------------------------------------
[debug] 
[debug] [2022-05-19T02:15:45.487Z] > command requires scopes: ["email","openid","https://www.googleapis.com/auth/cloudplatformprojects.readonly","https://www.googleapis.com/auth/firebase","https://www.googleapis.com/auth/cloud-platform"]
[debug] [2022-05-19T02:15:45.488Z] > authorizing via signed-in user (slcksseo@gmail.com)
[debug] [2022-05-19T02:15:45.883Z] openjdk version "1.8.0_282"
OpenJDK Runtime Environment (Zulu 8.52.0.23-win64)-Microsoft-Azure-restricted
[debug] [2022-05-19T02:15:45.884Z]  (build 1.8.0_282-b08)
OpenJDK 64-Bit Server VM (Zulu 8.52.0.23-win64)-Microsoft-Azure-restricted (build 25.282-b08, mixed mode)

[debug] [2022-05-19T02:15:45.894Z] Parsed Java major version: 1
[warn] !  emulators: Support for Java version <= 10 will be dropped soon in firebase-tools@11. Please upgrade to Java version 11 or above to continue using the emulators. 
[info] i  emulators: Starting emulators: auth, database, storage {"metadata":{"emulator":{"name":"hub"},"message":"Starting emulators: auth, database, storage"}}
[debug] [2022-05-19T02:15:47.961Z] [hub] writing locator at C:\Users\aa\AppData\Local\Temp\hub-solaroid-fca9c.json
[debug] [2022-05-19T02:15:50.012Z] >>> [apiv2][query] GET https://firebase.googleapis.com/v1beta1/projects/solaroid-fca9c [none]
[debug] [2022-05-19T02:15:50.403Z] <<< [apiv2][status] GET https://firebase.googleapis.com/v1beta1/projects/solaroid-fca9c 200
[debug] [2022-05-19T02:15:50.404Z] <<< [apiv2][body] GET https://firebase.googleapis.com/v1beta1/projects/solaroid-fca9c {"projectId":"solaroid-fca9c","projectNumber":"1080768750285","displayName":"Solaroid","name":"projects/solaroid-fca9c","resources":{"hostingSite":"solaroid-fca9c","realtimeDatabaseInstance":"solaroid-fca9c-default-rtdb","storageBucket":"solaroid-fca9c.appspot.com","locationId":"asia-east1"},"state":"ACTIVE"}
[debug] [2022-05-19T02:15:50.404Z] database rules config:  [{"instance":"solaroid-fca9c-default-rtdb","rules":"C:\\Users\\aa\\Downloads\\Solaroid\\database.rules.json"}]
[debug] [2022-05-19T02:15:50.409Z] Ignoring unsupported arg: projectId {"metadata":{"emulator":{"name":"database"},"message":"Ignoring unsupported arg: projectId"}}
[debug] [2022-05-19T02:15:50.410Z] Ignoring unsupported arg: auto_download {"metadata":{"emulator":{"name":"database"},"message":"Ignoring unsupported arg: auto_download"}}
[debug] [2022-05-19T02:15:50.410Z] Ignoring unsupported arg: rules {"metadata":{"emulator":{"name":"database"},"message":"Ignoring unsupported arg: rules"}}
[debug] [2022-05-19T02:15:50.410Z] Starting Database Emulator with command {"binary":"java","args":["-Duser.language=en","-jar","C:\\Users\\aa\\.cache\\firebase\\emulators\\firebase-database-emulator-v4.7.3.jar","--host","localhost","--port",9000],"optionalArgs":["port","host","functions_emulator_port","functions_emulator_host"],"joinArgs":false} {"metadata":{"emulator":{"name":"database"},"message":"Starting Database Emulator with command {\"binary\":\"java\",\"args\":[\"-Duser.language=en\",\"-jar\",\"C:\\\\Users\\\\aa\\\\.cache\\\\firebase\\\\emulators\\\\firebase-database-emulator-v4.7.3.jar\",\"--host\",\"localhost\",\"--port\",9000],\"optionalArgs\":[\"port\",\"host\",\"functions_emulator_port\",\"functions_emulator_host\"],\"joinArgs\":false}"}}
[info] i  database: Database Emulator logging to database-debug.log {"metadata":{"emulator":{"name":"database"},"message":"Database Emulator logging to \u001b[1mdatabase-debug.log\u001b[22m"}}
[debug] [2022-05-19T02:15:53.615Z] 11:15:53.624 [NamespaceSystem-akka.actor.default-dispatcher-5] INFO akka.event.slf4j.Slf4jLogger - Slf4jLogger started
 {"metadata":{"emulator":{"name":"database"},"message":"11:15:53.624 [NamespaceSystem-akka.actor.default-dispatcher-5] INFO akka.event.slf4j.Slf4jLogger - Slf4jLogger started\r\n"}}
[debug] [2022-05-19T02:15:53.786Z] 11:15:53.796 [main] INFO com.firebase.server.forge.App$ - Listening at localhost:9000
 {"metadata":{"emulator":{"name":"database"},"message":"11:15:53.796 [main] INFO com.firebase.server.forge.App$ - Listening at localhost:9000\r\n"}}
[debug] [2022-05-19T02:16:04.973Z] Ignoring unsupported arg: port {"metadata":{"emulator":{"name":"storage"},"message":"Ignoring unsupported arg: port"}}
[debug] [2022-05-19T02:16:06.072Z] Temp file directory for storage emulator: C:\Users\aa\AppData\Local\Temp/firebase/storage/blobs {"metadata":{"emulator":{"name":"storage"},"message":"Temp file directory for storage emulator: C:\\Users\\aa\\AppData\\Local\\Temp/firebase/storage/blobs"}}
[debug] [2022-05-19T02:16:10.175Z] Ignoring unsupported arg: auto_download {"metadata":{"emulator":{"name":"ui"},"message":"Ignoring unsupported arg: auto_download"}}
[debug] [2022-05-19T02:16:10.175Z] Ignoring unsupported arg: port {"metadata":{"emulator":{"name":"ui"},"message":"Ignoring unsupported arg: port"}}
[debug] [2022-05-19T02:16:10.175Z] Starting Emulator UI with command {"binary":"node","args":["C:\\Users\\aa\\.cache\\firebase\\emulators\\ui-v1.6.5\\server.bundle.js"],"optionalArgs":[],"joinArgs":false} {"metadata":{"emulator":{"name":"ui"},"message":"Starting Emulator UI with command {\"binary\":\"node\",\"args\":[\"C:\\\\Users\\\\aa\\\\.cache\\\\firebase\\\\emulators\\\\ui-v1.6.5\\\\server.bundle.js\"],\"optionalArgs\":[],\"joinArgs\":false}"}}
[info] i  ui: Emulator UI logging to ui-debug.log {"metadata":{"emulator":{"name":"ui"},"message":"Emulator UI logging to \u001b[1mui-debug.log\u001b[22m"}}
[debug] [2022-05-19T02:16:10.869Z] Web / API server started at localhost:4000
 {"metadata":{"emulator":{"name":"ui"},"message":"Web / API server started at localhost:4000\n"}}
[debug] [2022-05-19T02:16:11.221Z] >>> HTTP REQUEST PUT http://localhost:9000/.settings/rules.json?ns=solaroid-fca9c-default-rtdb  
 {
  "rules": {
    "profile" : {
      "$uid" : {
        ".read" : "auth != null && auth.uid == $uid",
        ".write" : "auth != null && auth.uid == $uid"
      }
    },

    "photoTicket" : {
      "$uid" : {
        ".read" : "auth != null && auth.uid == $uid",
        ".write" : "auth != null && auth.uid == $uid"
      }
    }
  }
}
[debug] [2022-05-19T02:16:11.688Z] <<< HTTP RESPONSE 200 {"content-length":"15","content-type":"application/json; charset=utf-8","access-control-allow-origin":"*","cache-control":"no-cache","x-firebase-project-id":"solaroid-fca9c-default-rtdb","x-firebase-project-number":"123456789","x-firebase-uuid":"aa4f4d87-8943-4d7f-8562-ff5331173572"}
[info] 
┌─────────────────────────────────────────────────────────────┐
│ ✔  All emulators ready! It is now safe to connect your app. │
│ i  View Emulator UI at http://localhost:4000                │
└─────────────────────────────────────────────────────────────┘

┌────────────────┬────────────────┬────────────────────────────────┐
│ Emulator       │ Host:Port      │ View in Emulator UI            │
├────────────────┼────────────────┼────────────────────────────────┤
│ Authentication │ localhost:9099 │ http://localhost:4000/auth     │
├────────────────┼────────────────┼────────────────────────────────┤
│ Database       │ localhost:9000 │ http://localhost:4000/database │
├────────────────┼────────────────┼────────────────────────────────┤
│ Storage        │ localhost:9199 │ http://localhost:4000/storage  │
└────────────────┴────────────────┴────────────────────────────────┘
  Emulator Hub running at localhost:4400
  Other reserved ports: 4500

Issues? Report them at https://github.com/firebase/firebase-tools/issues and attach the *-debug.log files.
 
[warn] !  emulators: Support for Java version <= 10 will be dropped soon in firebase-tools@11. Please upgrade to Java version 11 or above to continue using the emulators. 
[warn] !  canHandleCodeInApp is unsupported in Auth Emulator. All OOB operations will complete via web. {"metadata":{"emulator":{"name":"auth"},"message":"canHandleCodeInApp is unsupported in Auth Emulator. All OOB operations will complete via web."}}
[info] i  To verify the email address slckscool@naver.com, follow this link: http://localhost:9099/emulator/action?mode=verifyEmail&lang=en&oobCode=7ZfQHaywuwiUero2W0po8naT0qVK0hn-tsfENoSx-5ZogOuSizZlMg&apiKey=fake-api-key&continueUrl=https%3A%2F%2Fssolaroid.page.link%2FrniX%3Fmode%3DverifyEmail%26uid%3DPuxZEQAC0piXNlKWpClIJnCsH9Rs {"metadata":{"emulator":{"name":"auth"},"message":"To verify the email address slckscool@naver.com, follow this link: http://localhost:9099/emulator/action?mode=verifyEmail&lang=en&oobCode=7ZfQHaywuwiUero2W0po8naT0qVK0hn-tsfENoSx-5ZogOuSizZlMg&apiKey=fake-api-key&continueUrl=https%3A%2F%2Fssolaroid.page.link%2FrniX%3Fmode%3DverifyEmail%26uid%3DPuxZEQAC0piXNlKWpClIJnCsH9Rs"}}
[warn] !  canHandleCodeInApp is unsupported in Auth Emulator. All OOB operations will complete via web. {"metadata":{"emulator":{"name":"auth"},"message":"canHandleCodeInApp is unsupported in Auth Emulator. All OOB operations will complete via web."}}
[info] i  To verify the email address slcksseo@gmail.com, follow this link: http://localhost:9099/emulator/action?mode=verifyEmail&lang=en&oobCode=W1xCRuTLosXd_H6OXPehyuvPnwB38LU9kHBSt9Ntm8nMh8ZmOXCLwC&apiKey=fake-api-key&continueUrl=https%3A%2F%2Fssolaroid.page.link%2FrniX%3Fmode%3DverifyEmail%26uid%3D3gFizqo14OM8BVy88gIy5tzXmfDw {"metadata":{"emulator":{"name":"auth"},"message":"To verify the email address slcksseo@gmail.com, follow this link: http://localhost:9099/emulator/action?mode=verifyEmail&lang=en&oobCode=W1xCRuTLosXd_H6OXPehyuvPnwB38LU9kHBSt9Ntm8nMh8ZmOXCLwC&apiKey=fake-api-key&continueUrl=https%3A%2F%2Fssolaroid.page.link%2FrniX%3Fmode%3DverifyEmail%26uid%3D3gFizqo14OM8BVy88gIy5tzXmfDw"}}
[warn] !  canHandleCodeInApp is unsupported in Auth Emulator. All OOB operations will complete via web. {"metadata":{"emulator":{"name":"auth"},"message":"canHandleCodeInApp is unsupported in Auth Emulator. All OOB operations will complete via web."}}
[info] i  To verify the email address slcksseo@gmail.com, follow this link: http://localhost:9099/emulator/action?mode=verifyEmail&lang=en&oobCode=2nW0MR17ELovFb7z34R6zgkTam8Ts_maVWZAwW8df2SL2cDLEAWSBX&apiKey=fake-api-key&continueUrl=https%3A%2F%2Fssolaroid.page.link%2FrniX%3Fmode%3DverifyEmail%26uid%3D3gFizqo14OM8BVy88gIy5tzXmfDw {"metadata":{"emulator":{"name":"auth"},"message":"To verify the email address slcksseo@gmail.com, follow this link: http://localhost:9099/emulator/action?mode=verifyEmail&lang=en&oobCode=2nW0MR17ELovFb7z34R6zgkTam8Ts_maVWZAwW8df2SL2cDLEAWSBX&apiKey=fake-api-key&continueUrl=https%3A%2F%2Fssolaroid.page.link%2FrniX%3Fmode%3DverifyEmail%26uid%3D3gFizqo14OM8BVy88gIy5tzXmfDw"}}
[warn] !  canHandleCodeInApp is unsupported in Auth Emulator. All OOB operations will complete via web. {"metadata":{"emulator":{"name":"auth"},"message":"canHandleCodeInApp is unsupported in Auth Emulator. All OOB operations will complete via web."}}
[info] i  To verify the email address slcksslcks@naver.com, follow this link: http://localhost:9099/emulator/action?mode=verifyEmail&lang=en&oobCode=KiK4-deCB4IPttqarvStJn3q5bR2PtKKvqnhc4ZLSMU0SfGR3xkbb7&apiKey=fake-api-key&continueUrl=https%3A%2F%2Fssolaroid.page.link%2FrniX%3Fmode%3DverifyEmail%26uid%3D1sVtW69hpdjMliRKFiLl5JLkELnf {"metadata":{"emulator":{"name":"auth"},"message":"To verify the email address slcksslcks@naver.com, follow this link: http://localhost:9099/emulator/action?mode=verifyEmail&lang=en&oobCode=KiK4-deCB4IPttqarvStJn3q5bR2PtKKvqnhc4ZLSMU0SfGR3xkbb7&apiKey=fake-api-key&continueUrl=https%3A%2F%2Fssolaroid.page.link%2FrniX%3Fmode%3DverifyEmail%26uid%3D1sVtW69hpdjMliRKFiLl5JLkELnf"}}
[warn] !  canHandleCodeInApp is unsupported in Auth Emulator. All OOB operations will complete via web. {"metadata":{"emulator":{"name":"auth"},"message":"canHandleCodeInApp is unsupported in Auth Emulator. All OOB operations will complete via web."}}
[info] i  To verify the email address slcksslcks@naver.com, follow this link: http://localhost:9099/emulator/action?mode=verifyEmail&lang=en&oobCode=Z91IHvJ2H7akHGkGsjyGCWyxZGzzmmhg4JnjdoKn48WJk4_sw6teF9&apiKey=fake-api-key&continueUrl=https%3A%2F%2Fssolaroid.page.link%2FrniX%3Fmode%3DverifyEmail%26uid%3D1sVtW69hpdjMliRKFiLl5JLkELnf {"metadata":{"emulator":{"name":"auth"},"message":"To verify the email address slcksslcks@naver.com, follow this link: http://localhost:9099/emulator/action?mode=verifyEmail&lang=en&oobCode=Z91IHvJ2H7akHGkGsjyGCWyxZGzzmmhg4JnjdoKn48WJk4_sw6teF9&apiKey=fake-api-key&continueUrl=https%3A%2F%2Fssolaroid.page.link%2FrniX%3Fmode%3DverifyEmail%26uid%3D1sVtW69hpdjMliRKFiLl5JLkELnf"}}
